#-----------------------------------------------------------
# Webtalk v2019.1 (64-bit)
# SW Build 2552052 on Fri May 24 14:47:09 MDT 2019
# 
# Start of session at: Thu Jul 13 16:15:27 2023
# Process ID: 23434
# Current directory: /home/manvar00/Downloads/RELEASE_DVD/vivado_designs/zcu102_src/project_2/project_2.sdk/webtalk
# Command line: wbtcv -mode batch -source sdk_webtalk.tcl
# Log file: /home/manvar00/Downloads/RELEASE_DVD/vivado_designs/zcu102_src/project_2/project_2.sdk/webtalk/webtalk.log
# Journal file: /home/manvar00/Downloads/RELEASE_DVD/vivado_designs/zcu102_src/project_2/project_2.sdk/webtalk/webtalk.jou
#-----------------------------------------------------------
source sdk_webtalk.tcl
# webtalk_init -webtalk_dir /home/manvar00/Downloads/RELEASE_DVD/vivado_designs/zcu102_src/project_2/project_2.sdk/webtalk
# webtalk_register_client -client project
# webtalk_add_data -client project -key date_generated -value "2023-07-13 16:15:25" -context "software_version_and_target_device"
# webtalk_add_data -client project -key product_version -value "SDK v2019.1" -context "software_version_and_target_device"
# webtalk_add_data -client project -key build_version -value "2019.1" -context "software_version_and_target_device"
# webtalk_add_data -client project -key os_platform -value "amd64" -context "software_version_and_target_device"
# webtalk_add_data -client project -key registration_id -value "174111760_174111761_210687036_667" -context "software_version_and_target_device"
# webtalk_add_data -client project -key tool_flow -value "SDK" -context "software_version_and_target_device"
# webtalk_add_data -client project -key beta -value "false" -context "software_version_and_target_device"
# webtalk_add_data -client project -key route_design -value "NA" -context "software_version_and_target_device"
# webtalk_add_data -client project -key target_family -value "NA" -context "software_version_and_target_device"
# webtalk_add_data -client project -key target_device -value "NA" -context "software_version_and_target_device"
# webtalk_add_data -client project -key target_package -value "NA" -context "software_version_and_target_device"
# webtalk_add_data -client project -key target_speed -value "NA" -context "software_version_and_target_device"
# webtalk_add_data -client project -key random_id -value "s5rbt41t57os97vsoksmdjhoiv" -context "software_version_and_target_device"
# webtalk_add_data -client project -key project_id -value "2019.1_12" -context "software_version_and_target_device"
# webtalk_add_data -client project -key project_iteration -value "12" -context "software_version_and_target_device"
# webtalk_add_data -client project -key os_name -value "Ubuntu" -context "user_environment"
# webtalk_add_data -client project -key os_release -value "Ubuntu 20.04.6 LTS" -context "user_environment"
# webtalk_add_data -client project -key cpu_name -value "Intel(R) Core(TM) i5-8500 CPU @ 3.00GHz" -context "user_environment"
# webtalk_add_data -client project -key cpu_speed -value "3000.000 MHz" -context "user_environment"
# webtalk_add_data -client project -key total_processors -value "1" -context "user_environment"
# webtalk_add_data -client project -key system_ram -value "8.051 GB" -context "user_environment"
# webtalk_register_client -client sdk
# webtalk_add_data -client sdk -key uid -value "1689253991000" -context "sdk\\\\hardware/1689253991000"
# webtalk_add_data -client sdk -key isZynq -value "false" -context "sdk\\\\hardware/1689253991000"
# webtalk_add_data -client sdk -key isZynqMP -value "true" -context "sdk\\\\hardware/1689253991000"
# webtalk_add_data -client sdk -key Processors -value "7" -context "sdk\\\\hardware/1689253991000"
# webtalk_add_data -client sdk -key VivadoVersion -value "2019.1" -context "sdk\\\\hardware/1689253991000"
# webtalk_add_data -client sdk -key Arch -value "zynquplus" -context "sdk\\\\hardware/1689253991000"
# webtalk_add_data -client sdk -key Device -value "xczu9eg" -context "sdk\\\\hardware/1689253991000"
# webtalk_add_data -client sdk -key IsHandoff -value "true" -context "sdk\\\\hardware/1689253991000"
# webtalk_add_data -client sdk -key os -value "NA" -context "sdk\\\\hardware/1689253991000"
# webtalk_add_data -client sdk -key apptemplate -value "NA" -context "sdk\\\\hardware/1689253991000"
# webtalk_add_data -client sdk -key RecordType -value "HWCreation" -context "sdk\\\\hardware/1689253991000"
# webtalk_add_data -client sdk -key uid -value "1689254020000" -context "sdk\\\\bsp/1689254020000"
# webtalk_add_data -client sdk -key hwid -value "1689253991000" -context "sdk\\\\bsp/1689254020000"
# webtalk_add_data -client sdk -key os -value "standalone" -context "sdk\\\\bsp/1689254020000"
# webtalk_add_data -client sdk -key apptemplate -value "hello_world" -context "sdk\\\\bsp/1689254020000"
# webtalk_add_data -client sdk -key RecordType -value "BSPCreation" -context "sdk\\\\bsp/1689254020000"
# webtalk_add_data -client sdk -key uid -value "1689254030000" -context "sdk\\\\application/1689254030000"
# webtalk_add_data -client sdk -key hwid -value "1689253991000" -context "sdk\\\\application/1689254030000"
# webtalk_add_data -client sdk -key bspid -value "1689254020000" -context "sdk\\\\application/1689254030000"
# webtalk_add_data -client sdk -key newbsp -value "true" -context "sdk\\\\application/1689254030000"
# webtalk_add_data -client sdk -key os -value "standalone" -context "sdk\\\\application/1689254030000"
# webtalk_add_data -client sdk -key apptemplate -value "hello_world" -context "sdk\\\\application/1689254030000"
# webtalk_add_data -client sdk -key RecordType -value "APPCreation" -context "sdk\\\\application/1689254030000"
# webtalk_add_data -client sdk -key LangUsed -value "C" -context "sdk\\\\application/1689254030000"
# webtalk_add_data -client sdk -key Procused -value "psu_cortexa53" -context "sdk\\\\application/1689254030000"
# webtalk_add_data -client sdk -key projSize -value "959.046875" -context "sdk\\\\application/1689254030000"
# webtalk_add_data -client sdk -key uid -value "1689255200000" -context "sdk\\\\bsp/1689255200000"
# webtalk_add_data -client sdk -key hwid -value "1689253991000" -context "sdk\\\\bsp/1689255200000"
# webtalk_add_data -client sdk -key os -value "standalone" -context "sdk\\\\bsp/1689255200000"
# webtalk_add_data -client sdk -key apptemplate -value "hello_world" -context "sdk\\\\bsp/1689255200000"
# webtalk_add_data -client sdk -key RecordType -value "BSPCreation" -context "sdk\\\\bsp/1689255200000"
# webtalk_add_data -client sdk -key uid -value "1689255208000" -context "sdk\\\\application/1689255208000"
# webtalk_add_data -client sdk -key hwid -value "1689253991000" -context "sdk\\\\application/1689255208000"
# webtalk_add_data -client sdk -key bspid -value "1689255200000" -context "sdk\\\\application/1689255208000"
# webtalk_add_data -client sdk -key newbsp -value "true" -context "sdk\\\\application/1689255208000"
# webtalk_add_data -client sdk -key os -value "standalone" -context "sdk\\\\application/1689255208000"
# webtalk_add_data -client sdk -key apptemplate -value "hello_world" -context "sdk\\\\application/1689255208000"
# webtalk_add_data -client sdk -key RecordType -value "APPCreation" -context "sdk\\\\application/1689255208000"
# webtalk_add_data -client sdk -key LangUsed -value "C" -context "sdk\\\\application/1689255208000"
# webtalk_add_data -client sdk -key Procused -value "psu_cortexa53" -context "sdk\\\\application/1689255208000"
# webtalk_add_data -client sdk -key projSize -value "965.03125" -context "sdk\\\\application/1689255208000"
# webtalk_add_data -client sdk -key uid -value "NA" -context "sdk\\\\bsp/1689257725384"
# webtalk_add_data -client sdk -key RecordType -value "ToolUsage" -context "sdk\\\\bsp/1689257725384"
# webtalk_add_data -client sdk -key BootgenCount -value "0" -context "sdk\\\\bsp/1689257725384"
# webtalk_add_data -client sdk -key DebugCount -value "11" -context "sdk\\\\bsp/1689257725384"
# webtalk_add_data -client sdk -key PerfCount -value "0" -context "sdk\\\\bsp/1689257725384"
# webtalk_add_data -client sdk -key FlashCount -value "0" -context "sdk\\\\bsp/1689257725384"
# webtalk_add_data -client sdk -key CrossTriggCount -value "0" -context "sdk\\\\bsp/1689257725384"
# webtalk_add_data -client sdk -key QemuDebugCount -value "0" -context "sdk\\\\bsp/1689257725384"
# webtalk_transmit -clientid 1228639690 -regid "174111760_174111761_210687036_667" -xml /home/manvar00/Downloads/RELEASE_DVD/vivado_designs/zcu102_src/project_2/project_2.sdk/webtalk/usage_statistics_ext_sdk.xml -html /home/manvar00/Downloads/RELEASE_DVD/vivado_designs/zcu102_src/project_2/project_2.sdk/webtalk/usage_statistics_ext_sdk.html -wdm /home/manvar00/Downloads/RELEASE_DVD/vivado_designs/zcu102_src/project_2/project_2.sdk/webtalk/sdk_webtalk.wdm -intro "<H3>SDK Usage Report</H3><BR>"
INFO: [Common 17-186] '/home/manvar00/Downloads/RELEASE_DVD/vivado_designs/zcu102_src/project_2/project_2.sdk/webtalk/usage_statistics_ext_sdk.xml' has been successfully sent to Xilinx on Thu Jul 13 16:15:30 2023. For additional details about this file, please refer to the WebTalk help file at /Software/xilinx/2019.1-sdx/SDK/2019.1/doc/webtalk_introduction.html.
# webtalk_terminate
INFO: [Common 17-206] Exiting Webtalk at Thu Jul 13 16:15:30 2023...
